Cleanup scheduler started - will run every 24 hours
Server running on port 5010
MongoDB connected
Cleanup completed: 0 general applications and 0 resume applications deleted
Email service ready
Error applying for job: CastError: Cast to ObjectId failed for value "admin" (type string) at path "userId" for model "Application"
    at ObjectId.cast (/Users/nareshraja/Desktop/code/NEW/Job(updated1)/Job_Application_Website/server/node_modules/mongoose/lib/schema/objectid.js:250:11)
    at SchemaType.applySetters (/Users/nareshraja/Desktop/code/NEW/Job(updated1)/Job_Application_Website/server/node_modules/mongoose/lib/schematype.js:1219:12)
    at SchemaType.castForQuery (/Users/nareshraja/Desktop/code/NEW/Job(updated1)/Job_Application_Website/server/node_modules/mongoose/lib/schematype.js:1633:15)
    at cast (/Users/nareshraja/Desktop/code/NEW/Job(updated1)/Job_Application_Website/server/node_modules/mongoose/lib/cast.js:389:32)
    at Query.cast (/Users/nareshraja/Desktop/code/NEW/Job(updated1)/Job_Application_Website/server/node_modules/mongoose/lib/query.js:4927:12)
    at Query._castConditions (/Users/nareshraja/Desktop/code/NEW/Job(updated1)/Job_Application_Website/server/node_modules/mongoose/lib/query.js:2237:10)
    at model.Query._findOne (/Users/nareshraja/Desktop/code/NEW/Job(updated1)/Job_Application_Website/server/node_modules/mongoose/lib/query.js:2533:8)
    at model.Query.exec (/Users/nareshraja/Desktop/code/NEW/Job(updated1)/Job_Application_Website/server/node_modules/mongoose/lib/query.js:4447:28)
    at process.processTicksAndRejections (node:internal/process/task_queues:95:5)
    at async applyForJob (file:///Users/nareshraja/Desktop/code/NEW/Job(updated1)/Job_Application_Website/server/controllers/applicationController.js:43:33) {
  stringValue: '"admin"',
  messageFormat: undefined,
  kind: 'ObjectId',
  value: 'admin',
  path: 'userId',
  reason: BSONError: Argument passed in must be a string of 12 bytes or a string of 24 hex characters or an integer
      at new ObjectId (/Users/nareshraja/Desktop/code/NEW/Job(updated1)/Job_Application_Website/server/node_modules/bson/lib/bson.cjs:2055:23)
      at castObjectId (/Users/nareshraja/Desktop/code/NEW/Job(updated1)/Job_Application_Website/server/node_modules/mongoose/lib/cast/objectid.js:25:12)
      at ObjectId.cast (/Users/nareshraja/Desktop/code/NEW/Job(updated1)/Job_Application_Website/server/node_modules/mongoose/lib/schema/objectid.js:248:12)
      at SchemaType.applySetters (/Users/nareshraja/Desktop/code/NEW/Job(updated1)/Job_Application_Website/server/node_modules/mongoose/lib/schematype.js:1219:12)
      at SchemaType.castForQuery (/Users/nareshraja/Desktop/code/NEW/Job(updated1)/Job_Application_Website/server/node_modules/mongoose/lib/schematype.js:1633:15)
      at cast (/Users/nareshraja/Desktop/code/NEW/Job(updated1)/Job_Application_Website/server/node_modules/mongoose/lib/cast.js:389:32)
      at Query.cast (/Users/nareshraja/Desktop/code/NEW/Job(updated1)/Job_Application_Website/server/node_modules/mongoose/lib/query.js:4927:12)
      at Query._castConditions (/Users/nareshraja/Desktop/code/NEW/Job(updated1)/Job_Application_Website/server/node_modules/mongoose/lib/query.js:2237:10)
      at model.Query._findOne (/Users/nareshraja/Desktop/code/NEW/Job(updated1)/Job_Application_Website/server/node_modules/mongoose/lib/query.js:2533:8)
      at model.Query.exec (/Users/nareshraja/Desktop/code/NEW/Job(updated1)/Job_Application_Website/server/node_modules/mongoose/lib/query.js:4447:28),
  valueType: 'string',
  model: Model { Application }
}
